Ansys Lumerical 2024 R1 FDTD Solver Version 8.31.3633 (Windows 64bit)
 expires (month/day/year): 12/31/2035
using config file: Ansys Licensing set with ANSYSLMD_LICENSE_FILE
license host: 1055@localhost
current time: 周三 1月 7 19:20:21 2026
Running on host: Thinkbook14
host available memory (GB): 5.887738
All processes are communicating and ready to proceed to simulation...
Running fsp file: E:\Lumerical2024\Lumerical\v241\bin\fdtd-engine-msmpi.exe -t 1 -remote -shared-solve-license QU5TWVNfTElDRU5TSU5HX0NPTlRFWFRfREFUQT08QU5TWVNfTElDRU5TSU5HX0NPTlRFWFRfREFUQT48SUQ+Y2UxMzBjNzItY2VkZS00NGZkLWE1ZWYtMzU5ZTQwM2VjYmQ2PC9JRD48VFlQRT5IUENfUEFSQU1FVFJJQzwvVFlQRT48TkFNRT5IUEMgUGFyYW1ldHJpYzwvTkFNRT48SEFORExFUj42MjI4MUBUaGlua2Jvb2sxNDwvSEFORExFUj48L0FOU1lTX0xJQ0VOU0lOR19DT05URVhUX0RBVEE+Cg== E:/Lumericial_file/finalwork/final.fsp
Starting meshing
Simulation size in gridpoints: 1 x 58 x 17
Refined 0 mesh cells (0%)
Completed meshing!
Meshing complete in 0 seconds of CPU time
Starting meshing
Simulation size in gridpoints: 1 x 58 x 17
Refined 0 mesh cells (0%)
Completed meshing!
Meshing complete in 0 seconds of CPU time
Starting meshing
Simulation size in gridpoints: 1 x 58 x 17
Refined 0 mesh cells (0%)
Completed meshing!
Meshing complete in 0 seconds of CPU time
number of processors is 1
processors are distributed as: 1x1x1
Running 3D Simulation
Starting meshing
Simulation size in gridpoints: 333 x 135 x 31
Refined 0 mesh cells (0%)
Completed meshing!
Meshing complete in 0.46875 seconds of CPU time
0 0
Starting meshing
Simulation size in gridpoints: 333 x 135 x 31
Refined 0 mesh cells (0%)
Completed meshing!
Meshing complete in 0.515625 seconds of CPU time
0 0
Starting meshing
Simulation size in gridpoints: 333 x 135 x 31
Refined 0 mesh cells (0%)
Completed meshing!
Meshing complete in 0.5 seconds of CPU time
0 0
finished material properties
Meshing Time: 1.64044 seconds, Init Electrical Material Time: 0.091012 seconds, Init Magnetic Material Time: 0.0013666
Using selected optimization level: 2
Selecting 3d kernel for splitFieldDirection=0 and optLevel=2
-----------------------------------------
Beginning initialization of 3D Simulation
Starting to add sources to simulation
Adding 3D Mode source propagating in X
Starting to add boundary conditions to simulation
Adding 3D PML BC
Adding 3D PML BC
Adding 3D PML BC
Adding 3D PML BC
Adding 3D PML BC
Adding 3D PML BC
Starting to add monitors to Simulation
Adding analysis monitor
Adding 3D DFT monitor
Adding 3D DFT monitor
Finished initialization of 3D Simulation
-----------------------------------------
All processes are communicating and ready to proceed to simulation...
Starting 22387 total iterations
0.214408% complete. Elapsed simulation time: 6.43224e-15 secs. Max time remaining: 2 mins, 47 secs. Auto Shutoff: 1
2.21555% complete. Elapsed simulation time: 6.64665e-14 secs. Max time remaining: 2 mins, 48 secs. Auto Shutoff: 1
3.35906% complete. Elapsed simulation time: 1.00772e-13 secs. Max time remaining: 2 mins, 46 secs. Auto Shutoff: 1.42454
4.50257% complete. Elapsed simulation time: 1.35077e-13 secs. Max time remaining: 2 mins, 43 secs. Auto Shutoff: 1.1513
5.64608% complete. Elapsed simulation time: 1.69382e-13 secs. Max time remaining: 2 mins, 41 secs. Auto Shutoff: 0.968934
6.78959% complete. Elapsed simulation time: 2.03688e-13 secs. Max time remaining: 2 mins, 39 secs. Auto Shutoff: 0.909858
7.93309% complete. Elapsed simulation time: 2.37993e-13 secs. Max time remaining: 2 mins, 37 secs. Auto Shutoff: 0.883579
9.0766% complete. Elapsed simulation time: 2.72298e-13 secs. Max time remaining: 2 mins, 35 secs. Auto Shutoff: 0.880214
10.2201% complete. Elapsed simulation time: 3.06603e-13 secs. Max time remaining: 2 mins, 36 secs. Auto Shutoff: 0.846311
11.3636% complete. Elapsed simulation time: 3.40909e-13 secs. Max time remaining: 2 mins, 38 secs. Auto Shutoff: 0.776552
12.5071% complete. Elapsed simulation time: 3.75214e-13 secs. Max time remaining: 2 mins, 38 secs. Auto Shutoff: 0.769293
13.6506% complete. Elapsed simulation time: 4.09519e-13 secs. Max time remaining: 2 mins, 37 secs. Auto Shutoff: 0.332384
14.7941% complete. Elapsed simulation time: 4.43824e-13 secs. Max time remaining: 2 mins, 37 secs. Auto Shutoff: 0.0813717
15.9377% complete. Elapsed simulation time: 4.7813e-13 secs. Max time remaining: 2 mins, 35 secs. Auto Shutoff: 0.0367034
17.0812% complete. Elapsed simulation time: 5.12435e-13 secs. Max time remaining: 2 mins, 35 secs. Auto Shutoff: 0.0317386
18.2247% complete. Elapsed simulation time: 5.4674e-13 secs. Max time remaining: 2 mins, 33 secs. Auto Shutoff: 0.0172979
19.3682% complete. Elapsed simulation time: 5.81046e-13 secs. Max time remaining: 2 mins, 32 secs. Auto Shutoff: 0.0137245
20.5117% complete. Elapsed simulation time: 6.15351e-13 secs. Max time remaining: 2 mins, 31 secs. Auto Shutoff: 0.00965188
21.6552% complete. Elapsed simulation time: 6.49656e-13 secs. Max time remaining: 2 mins, 29 secs. Auto Shutoff: 0.00907046
22.7987% complete. Elapsed simulation time: 6.83961e-13 secs. Max time remaining: 2 mins, 29 secs. Auto Shutoff: 0.00672939
23.9422% complete. Elapsed simulation time: 7.18267e-13 secs. Max time remaining: 2 mins, 28 secs. Auto Shutoff: 0.00543674
25.0857% complete. Elapsed simulation time: 7.52572e-13 secs. Max time remaining: 2 mins, 26 secs. Auto Shutoff: 0.00271387
26.2292% complete. Elapsed simulation time: 7.86877e-13 secs. Max time remaining: 2 mins, 25 secs. Auto Shutoff: 0.00131661
27.3727% complete. Elapsed simulation time: 8.21182e-13 secs. Max time remaining: 2 mins, 23 secs. Auto Shutoff: 0.00118545
28.5163% complete. Elapsed simulation time: 8.55488e-13 secs. Max time remaining: 2 mins, 21 secs. Auto Shutoff: 0.000702013
29.6598% complete. Elapsed simulation time: 8.89793e-13 secs. Max time remaining: 2 mins, 19 secs. Auto Shutoff: 0.000434823
30.8033% complete. Elapsed simulation time: 9.24098e-13 secs. Max time remaining: 2 mins, 17 secs. Auto Shutoff: 0.000302452
31.9468% complete. Elapsed simulation time: 9.58404e-13 secs. Max time remaining: 2 mins, 15 secs. Auto Shutoff: 0.000296288
33.0903% complete. Elapsed simulation time: 9.92709e-13 secs. Max time remaining: 2 mins, 13 secs. Auto Shutoff: 0.000221192
34.2338% complete. Elapsed simulation time: 1.02701e-12 secs. Max time remaining: 2 mins, 11 secs. Auto Shutoff: 0.000189709
35.3773% complete. Elapsed simulation time: 1.06132e-12 secs. Max time remaining: 2 mins, 9 secs. Auto Shutoff: 0.000153562
36.5208% complete. Elapsed simulation time: 1.09562e-12 secs. Max time remaining: 2 mins, 7 secs. Auto Shutoff: 0.000117536
37.6643% complete. Elapsed simulation time: 1.12993e-12 secs. Max time remaining: 2 mins, 4 secs. Auto Shutoff: 5.96229e-05
38.8078% complete. Elapsed simulation time: 1.16424e-12 secs. Max time remaining: 2 mins, 2 secs. Auto Shutoff: 5.2039e-05
39.9513% complete. Elapsed simulation time: 1.19854e-12 secs. Max time remaining: 1 min, 60 secs. Auto Shutoff: 3.22805e-05
41.0949% complete. Elapsed simulation time: 1.23285e-12 secs. Max time remaining: 1 min, 58 secs. Auto Shutoff: 2.17689e-05
42.2384% complete. Elapsed simulation time: 1.26715e-12 secs. Max time remaining: 1 min, 56 secs. Auto Shutoff: 2.21733e-05
43.3819% complete. Elapsed simulation time: 1.30146e-12 secs. Max time remaining: 1 min, 53 secs. Auto Shutoff: 1.84619e-05
44.5254% complete. Elapsed simulation time: 1.33576e-12 secs. Max time remaining: 1 min, 51 secs. Auto Shutoff: 1.63116e-05
100% complete. Max time remaining: 0 mins, 0 secs. Auto Shutoff: 9.19536e-06
Early termination of simulation, the autoshutoff criteria are satisfied.
Completed 10114 iterations, or 1.355326e-12s of Simulation Time
Process 0 starting to collect data
    collecting monitor data
    collecting source data
Finished collecting data
Simulation completed successfully at: 周三 1月 7 19:21:53 2026
Overall wall time measurements in seconds: 92.9183
    time to mesh and initialize: 1.75151
    time to run FDTD simulation: 90.5751
    time to checkpoint simulation: 0
    time to finalize data and save to files: 0.0126664
    miscellaneous time: 0.578975
    FDTD solver speed on process 0: 155.616 Mnodes/s
    total FDTD solver speed on 1 processes: 155.616 Mnodes/s
